# JRE version: OpenJDK Runtime Environment Temurin-17.0.6+10 (17.0.6+10) (build 17.0.6+10)
# Java VM: OpenJDK 64-Bit Server VM Temurin-17.0.6+10 (17.0.6+10, mixed mode, tiered, compressed oops, compressed class ptrs, g1 gc, linux-amd64)
GC Precious Log:
 CPUs: 4 total, 4 available
 Memory: 3830M
 Large Page Support: Disabled
 NUMA Support: Disabled
 Compressed Oops: Enabled (32-bit)
 Heap Region Size: 1M
 Heap Min Capacity: 64M
 Heap Initial Capacity: 64M
 Heap Max Capacity: 1G
 Pre-touch: Disabled
 Parallel Workers: 4
 Concurrent Workers: 1
 Concurrent Refinement Workers: 4
 Periodic GC: Disabled
Heap:
 garbage-first heap   total 65536K, used 39360K [0x00000000c0000000, 0x0000000100000000)
  region size 1024K, 13 young (13312K), 3 survivors (3072K)
 Metaspace       used 50491K, committed 51648K, reserved 1097728K
  class space    used 6085K, committed 6592K, reserved 1048576K
GC Heap History (20 events):
Event: 9,549 GC heap before
{Heap before GC invocations=0 (full 0):
 garbage-first heap   total 65536K, used 12288K [0x00000000c0000000, 0x0000000100000000)
  region size 1024K, 13 young (13312K), 0 survivors (0K)
 Metaspace       used 10717K, committed 10816K, reserved 1064960K
  class space    used 1066K, committed 1088K, reserved 1048576K
}
Event: 9,564 GC heap after
{Heap after GC invocations=1 (full 0):
 garbage-first heap   total 65536K, used 3296K [0x00000000c0000000, 0x0000000100000000)
  region size 1024K, 2 young (2048K), 2 survivors (2048K)
 Metaspace       used 10717K, committed 10816K, reserved 1064960K
  class space    used 1066K, committed 1088K, reserved 1048576K
}
Event: 12,938 GC heap before
{Heap before GC invocations=1 (full 0):
 garbage-first heap   total 65536K, used 15584K [0x00000000c0000000, 0x0000000100000000)
  region size 1024K, 14 young (14336K), 2 survivors (2048K)
 Metaspace       used 13123K, committed 13312K, reserved 1064960K
  class space    used 1302K, committed 1408K, reserved 1048576K
}
Event: 12,947 GC heap after
{Heap after GC invocations=2 (full 0):
 garbage-first heap   total 65536K, used 7477K [0x00000000c0000000, 0x0000000100000000)
  region size 1024K, 2 young (2048K), 2 survivors (2048K)
 Metaspace       used 13123K, committed 13312K, reserved 1064960K
  class space    used 1302K, committed 1408K, reserved 1048576K
}
Event: 24,726 GC heap before
{Heap before GC invocations=2 (full 0):
 garbage-first heap   total 65536K, used 17717K [0x00000000c0000000, 0x0000000100000000)
  region size 1024K, 12 young (12288K), 2 survivors (2048K)
 Metaspace       used 15780K, committed 16000K, reserved 1064960K
  class space    used 1615K, committed 1728K, reserved 1048576K
}
Event: 24,743 GC heap after
{Heap after GC invocations=3 (full 0):
 garbage-first heap   total 65536K, used 8687K [0x00000000c0000000, 0x0000000100000000)
  region size 1024K, 1 young (1024K), 1 survivors (1024K)
 Metaspace       used 15780K, committed 16000K, reserved 1064960K
  class space    used 1615K, committed 1728K, reserved 1048576K
}
Event: 53,855 GC heap before
{Heap before GC invocations=3 (full 0):
 garbage-first heap   total 65536K, used 25071K [0x00000000c0000000, 0x0000000100000000)
  region size 1024K, 19 young (19456K), 1 survivors (1024K)
 Metaspace       used 20987K, committed 21504K, reserved 1073152K
  class space    used 2145K, committed 2368K, reserved 1048576K
}
Event: 53,867 GC heap after
{Heap after GC invocations=4 (full 0):
 garbage-first heap   total 65536K, used 11643K [0x00000000c0000000, 0x0000000100000000)
  region size 1024K, 4 young (4096K), 4 survivors (4096K)
 Metaspace       used 20987K, committed 21504K, reserved 1073152K
  class space    used 2145K, committed 2368K, reserved 1048576K
}
Event: 82,593 GC heap before
{Heap before GC invocations=5 (full 0):
 garbage-first heap   total 65536K, used 36219K [0x00000000c0000000, 0x0000000100000000)
  region size 1024K, 28 young (28672K), 4 survivors (4096K)
 Metaspace       used 25792K, committed 26368K, reserved 1073152K
  class space    used 2756K, committed 3008K, reserved 1048576K
}
Event: 82,611 GC heap after
{Heap after GC invocations=6 (full 0):
 garbage-first heap   total 65536K, used 15495K [0x00000000c0000000, 0x0000000100000000)
  region size 1024K, 3 young (3072K), 3 survivors (3072K)
 Metaspace       used 25792K, committed 26368K, reserved 1073152K
  class space    used 2756K, committed 3008K, reserved 1048576K
}
Event: 109,960 GC heap before
{Heap before GC invocations=6 (full 0):
 garbage-first heap   total 65536K, used 42119K [0x00000000c0000000, 0x0000000100000000)
  region size 1024K, 29 young (29696K), 3 survivors (3072K)
 Metaspace       used 35182K, committed 35968K, reserved 1081344K
  class space    used 4070K, committed 4416K, reserved 1048576K
}
Event: 109,973 GC heap after
{Heap after GC invocations=7 (full 0):
 garbage-first heap   total 65536K, used 19645K [0x00000000c0000000, 0x0000000100000000)
  region size 1024K, 4 young (4096K), 4 survivors (4096K)
 Metaspace       used 35182K, committed 35968K, reserved 1081344K
  class space    used 4070K, committed 4416K, reserved 1048576K
}
Event: 113,401 GC heap before
{Heap before GC invocations=7 (full 0):
 garbage-first heap   total 65536K, used 19645K [0x00000000c0000000, 0x0000000100000000)
  region size 1024K, 5 young (5120K), 4 survivors (4096K)
 Metaspace       used 35191K, committed 35968K, reserved 1081344K
  class space    used 4070K, committed 4416K, reserved 1048576K
}
Event: 113,410 GC heap after
{Heap after GC invocations=8 (full 0):
 garbage-first heap   total 65536K, used 20508K [0x00000000c0000000, 0x0000000100000000)
  region size 1024K, 1 young (1024K), 1 survivors (1024K)
 Metaspace       used 35191K, committed 35968K, reserved 1081344K
  class space    used 4070K, committed 4416K, reserved 1048576K
}
Event: 135,590 GC heap before
{Heap before GC invocations=9 (full 0):
 garbage-first heap   total 65536K, used 47132K [0x00000000c0000000, 0x0000000100000000)
  region size 1024K, 24 young (24576K), 1 survivors (1024K)
 Metaspace       used 38746K, committed 39680K, reserved 1089536K
  class space    used 4475K, committed 4864K, reserved 1048576K
}
Event: 135,601 GC heap after
{Heap after GC invocations=10 (full 0):
 garbage-first heap   total 65536K, used 24064K [0x00000000c0000000, 0x0000000100000000)
  region size 1024K, 3 young (3072K), 3 survivors (3072K)
 Metaspace       used 38746K, committed 39680K, reserved 1089536K
  class space    used 4475K, committed 4864K, reserved 1048576K
}
Event: 150,988 GC heap before
{Heap before GC invocations=10 (full 0):
 garbage-first heap   total 65536K, used 44544K [0x00000000c0000000, 0x0000000100000000)
  region size 1024K, 24 young (24576K), 3 survivors (3072K)
 Metaspace       used 44592K, committed 45568K, reserved 1089536K
  class space    used 5215K, committed 5632K, reserved 1048576K
}
Event: 151,012 GC heap after
{Heap after GC invocations=11 (full 0):
 garbage-first heap   total 65536K, used 27081K [0x00000000c0000000, 0x0000000100000000)
  region size 1024K, 3 young (3072K), 3 survivors (3072K)
 Metaspace       used 44592K, committed 45568K, reserved 1089536K
  class space    used 5215K, committed 5632K, reserved 1048576K
}
Event: 165,119 GC heap before
{Heap before GC invocations=11 (full 0):
 garbage-first heap   total 65536K, used 46537K [0x00000000c0000000, 0x0000000100000000)
  region size 1024K, 22 young (22528K), 3 survivors (3072K)
 Metaspace       used 48425K, committed 49472K, reserved 1097728K
  class space    used 5784K, committed 6208K, reserved 1048576K
}
Event: 165,144 GC heap after
{Heap after GC invocations=12 (full 0):
 garbage-first heap   total 65536K, used 30144K [0x00000000c0000000, 0x0000000100000000)
  region size 1024K, 3 young (3072K), 3 survivors (3072K)
 Metaspace       used 48425K, committed 49472K, reserved 1097728K
  class space    used 5784K, committed 6208K, reserved 1048576K
}

